CalcoloISEEAndroid/app/build/intermediates/manifest_merge_blame_file/debug/manifest-merger-blame-debug-report.txt
1<?xml version="1.0" encoding="utf-8"?>
2<manifest xmlns:android="http://schemas.android.com/apk/res/android"
3    package="it.unibas.isee"
4    android:versionCode="1"
5    android:versionName="1.0" >
6
7    <uses-sdk
8        android:minSdkVersion="19"
8-->src\main\AndroidManifest.xml
9        android:targetSdkVersion="28" />
9-->src\main\AndroidManifest.xml
10
11    <application
11-->src\main\AndroidManifest.xml:5:5-21:19
12        android:name="it.unibas.isee.Applicazione"
12-->src\main\AndroidManifest.xml:6:9-51
13        android:allowBackup="true"
13-->src\main\AndroidManifest.xml:7:9-35
14        android:appComponentFactory="androidx.core.app.CoreComponentFactory"
14-->[androidx.core:core:1.0.0] AndroidManifest.xml:22:18-86
15        android:debuggable="true"
16        android:icon="@mipmap/ic_launcher"
16-->src\main\AndroidManifest.xml:9:9-43
17        android:label="@string/app_name"
17-->src\main\AndroidManifest.xml:10:9-41
18        android:testOnly="true"
19        android:theme="@style/AppTheme"
19-->src\main\AndroidManifest.xml:11:9-40
20        android:usesCleartextTraffic="true" >
20-->src\main\AndroidManifest.xml:8:9-44
21        <activity
21-->src\main\AndroidManifest.xml:12:9-19:20
22            android:name="it.unibas.isee.activity.ActivityPrincipale"
22-->src\main\AndroidManifest.xml:13:13-70
23            android:label="@string/app_name" >
23-->src\main\AndroidManifest.xml:14:13-45
24            <intent-filter>
24-->src\main\AndroidManifest.xml:15:13-18:29
25                <action android:name="android.intent.action.MAIN" />
25-->src\main\AndroidManifest.xml:16:17-69
25-->src\main\AndroidManifest.xml:16:25-66
26
27                <category android:name="android.intent.category.LAUNCHER" />
27-->src\main\AndroidManifest.xml:17:17-77
27-->src\main\AndroidManifest.xml:17:27-74
28            </intent-filter>
29        </activity>
30    </application>
31
32</manifest>